\BOOKMARK [1][-]{section*.3}{Introduction}{}% 1
\BOOKMARK [1][-]{section.1}{Premiere partie}{}% 2
\BOOKMARK [2][-]{subsection.1.1}{Premi\350re sous partie}{section.1}% 3
\BOOKMARK [1][-]{section.2}{Quelques formules et notations}{}% 4
\BOOKMARK [1][-]{section.3}{Mod\350les}{}% 5
\BOOKMARK [2][-]{subsection.3.1}{Mod\350le 1}{section.3}% 6
\BOOKMARK [3][-]{subsubsection.3.1.1}{Description}{subsection.3.1}% 7
\BOOKMARK [3][-]{subsubsection.3.1.2}{\311quations}{subsection.3.1}% 8
\BOOKMARK [3][-]{subsubsection.3.1.3}{\311quations discr\351tis\351es}{subsection.3.1}% 9
\BOOKMARK [3][-]{subsubsection.3.1.4}{R\351sultats}{subsection.3.1}% 10
\BOOKMARK [2][-]{subsection.3.2}{Mod\350le 2}{section.3}% 11
\BOOKMARK [3][-]{subsubsection.3.2.1}{Description}{subsection.3.2}% 12
\BOOKMARK [3][-]{subsubsection.3.2.2}{Donn\351es initiales et constantes}{subsection.3.2}% 13
\BOOKMARK [3][-]{subsubsection.3.2.3}{\311quations}{subsection.3.2}% 14
\BOOKMARK [3][-]{subsubsection.3.2.4}{\311quations discr\351tis\351es}{subsection.3.2}% 15
\BOOKMARK [3][-]{subsubsection.3.2.5}{R\351sultats}{subsection.3.2}% 16
\BOOKMARK [2][-]{subsection.3.3}{Mod\350le 3}{section.3}% 17
\BOOKMARK [3][-]{subsubsection.3.3.1}{Description}{subsection.3.3}% 18
\BOOKMARK [3][-]{subsubsection.3.3.2}{Donn\351es initiales et constantes}{subsection.3.3}% 19
\BOOKMARK [3][-]{subsubsection.3.3.3}{\311quations}{subsection.3.3}% 20
\BOOKMARK [3][-]{subsubsection.3.3.4}{\311quations discr\351tis\351es}{subsection.3.3}% 21
\BOOKMARK [3][-]{subsubsection.3.3.5}{R\351sultats}{subsection.3.3}% 22
\BOOKMARK [1][-]{section.4}{Condition initiale}{}% 23
\BOOKMARK [1][-]{section*.8}{Conclusion}{}% 24
\BOOKMARK [1][-]{appendix.A}{Premi\350re annexe}{}% 25
\BOOKMARK [2][-]{subsubsection.A.0.1}{autre m\351thode possible \(en fait pas besoin de ca\)}{appendix.A}% 26
\BOOKMARK [1][-]{section*.9}{R\351f\351rences}{}% 27
